running egg_info
writing ../../build/cibnor_sim/cibnor_sim.egg-info/PKG-INFO
writing dependency_links to ../../build/cibnor_sim/cibnor_sim.egg-info/dependency_links.txt
writing entry points to ../../build/cibnor_sim/cibnor_sim.egg-info/entry_points.txt
writing requirements to ../../build/cibnor_sim/cibnor_sim.egg-info/requires.txt
writing top-level names to ../../build/cibnor_sim/cibnor_sim.egg-info/top_level.txt
reading manifest file '../../build/cibnor_sim/cibnor_sim.egg-info/SOURCES.txt'
writing manifest file '../../build/cibnor_sim/cibnor_sim.egg-info/SOURCES.txt'
running build
running build_py
copying cibnor_sim/setup.py -> /home/cibnor/ros2_ws/build/cibnor_sim/build/lib/cibnor_sim
creating /home/cibnor/ros2_ws/build/cibnor_sim/build/lib/cibnor_sim/cibnor_sim
copying cibnor_sim/cibnor_sim/webots_robot_driver.py -> /home/cibnor/ros2_ws/build/cibnor_sim/build/lib/cibnor_sim/cibnor_sim
copying cibnor_sim/cibnor_sim/__init__.py -> /home/cibnor/ros2_ws/build/cibnor_sim/build/lib/cibnor_sim/cibnor_sim
running install
running install_lib
creating /home/cibnor/ros2_ws/install/cibnor_sim/lib/python3.10/site-packages/cibnor_sim/cibnor_sim
copying /home/cibnor/ros2_ws/build/cibnor_sim/build/lib/cibnor_sim/cibnor_sim/webots_robot_driver.py -> /home/cibnor/ros2_ws/install/cibnor_sim/lib/python3.10/site-packages/cibnor_sim/cibnor_sim
copying /home/cibnor/ros2_ws/build/cibnor_sim/build/lib/cibnor_sim/cibnor_sim/__init__.py -> /home/cibnor/ros2_ws/install/cibnor_sim/lib/python3.10/site-packages/cibnor_sim/cibnor_sim
copying /home/cibnor/ros2_ws/build/cibnor_sim/build/lib/cibnor_sim/setup.py -> /home/cibnor/ros2_ws/install/cibnor_sim/lib/python3.10/site-packages/cibnor_sim
byte-compiling /home/cibnor/ros2_ws/install/cibnor_sim/lib/python3.10/site-packages/cibnor_sim/cibnor_sim/webots_robot_driver.py to webots_robot_driver.cpython-310.pyc
byte-compiling /home/cibnor/ros2_ws/install/cibnor_sim/lib/python3.10/site-packages/cibnor_sim/cibnor_sim/__init__.py to __init__.cpython-310.pyc
byte-compiling /home/cibnor/ros2_ws/install/cibnor_sim/lib/python3.10/site-packages/cibnor_sim/setup.py to setup.cpython-310.pyc
running install_data
running install_egg_info
removing '/home/cibnor/ros2_ws/install/cibnor_sim/lib/python3.10/site-packages/cibnor_sim-0.0.0-py3.10.egg-info' (and everything under it)
Copying ../../build/cibnor_sim/cibnor_sim.egg-info to /home/cibnor/ros2_ws/install/cibnor_sim/lib/python3.10/site-packages/cibnor_sim-0.0.0-py3.10.egg-info
running install_scripts
writing list of installed files to '/home/cibnor/ros2_ws/build/cibnor_sim/install.log'
