[0.693s] Invoking command in '/home/cibnor/ros2_ws/src/cibnor_sim': PYTHONPATH=/home/cibnor/ros2_ws/build/cibnor_sim/prefix_override:/usr/lib/python3/dist-packages/colcon_core/task/python/colcon_distutils_commands:/home/cibnor/ros2_ws/install/cibnor_sim/lib/python3.10/site-packages:${PYTHONPATH} /usr/bin/python3 -W ignore:setup.py install is deprecated -W ignore:easy_install command is deprecated setup.py egg_info --egg-base ../../build/cibnor_sim build --build-base /home/cibnor/ros2_ws/build/cibnor_sim/build install --record /home/cibnor/ros2_ws/build/cibnor_sim/install.log --single-version-externally-managed install_data
[0.946s] running egg_info
[0.946s] writing ../../build/cibnor_sim/cibnor_sim.egg-info/PKG-INFO
[0.947s] writing dependency_links to ../../build/cibnor_sim/cibnor_sim.egg-info/dependency_links.txt
[0.947s] writing entry points to ../../build/cibnor_sim/cibnor_sim.egg-info/entry_points.txt
[0.947s] writing requirements to ../../build/cibnor_sim/cibnor_sim.egg-info/requires.txt
[0.947s] writing top-level names to ../../build/cibnor_sim/cibnor_sim.egg-info/top_level.txt
[0.950s] reading manifest file '../../build/cibnor_sim/cibnor_sim.egg-info/SOURCES.txt'
[0.951s] writing manifest file '../../build/cibnor_sim/cibnor_sim.egg-info/SOURCES.txt'
[0.951s] running build
[0.951s] running build_py
[0.952s] running install
[0.952s] running install_lib
[0.954s] running install_data
[0.954s] copying resource/cibnor_lidar_sensor.urdf -> /home/cibnor/ros2_ws/install/cibnor_sim/share/cibnor_sim/resource
[0.955s] running install_egg_info
[0.957s] removing '/home/cibnor/ros2_ws/install/cibnor_sim/lib/python3.10/site-packages/cibnor_sim-0.0.0-py3.10.egg-info' (and everything under it)
[0.957s] Copying ../../build/cibnor_sim/cibnor_sim.egg-info to /home/cibnor/ros2_ws/install/cibnor_sim/lib/python3.10/site-packages/cibnor_sim-0.0.0-py3.10.egg-info
[0.959s] running install_scripts
[0.980s] Installing obstacle_avoider script to /home/cibnor/ros2_ws/install/cibnor_sim/lib/cibnor_sim
[0.980s] Installing odometry_publisher script to /home/cibnor/ros2_ws/install/cibnor_sim/lib/cibnor_sim
[0.980s] Installing robot_driver script to /home/cibnor/ros2_ws/install/cibnor_sim/lib/cibnor_sim
[0.981s] writing list of installed files to '/home/cibnor/ros2_ws/build/cibnor_sim/install.log'
[1.007s] Invoked command in '/home/cibnor/ros2_ws/src/cibnor_sim' returned '0': PYTHONPATH=/home/cibnor/ros2_ws/build/cibnor_sim/prefix_override:/usr/lib/python3/dist-packages/colcon_core/task/python/colcon_distutils_commands:/home/cibnor/ros2_ws/install/cibnor_sim/lib/python3.10/site-packages:${PYTHONPATH} /usr/bin/python3 -W ignore:setup.py install is deprecated -W ignore:easy_install command is deprecated setup.py egg_info --egg-base ../../build/cibnor_sim build --build-base /home/cibnor/ros2_ws/build/cibnor_sim/build install --record /home/cibnor/ros2_ws/build/cibnor_sim/install.log --single-version-externally-managed install_data
