running develop
Removing /home/cibnor/ros2_ws/install/cibnor_sim/lib/python3.10/site-packages/cibnor-sim.egg-link (link to .)
running egg_info
writing ../../build/cibnor_sim/cibnor_sim.egg-info/PKG-INFO
writing dependency_links to ../../build/cibnor_sim/cibnor_sim.egg-info/dependency_links.txt
writing entry points to ../../build/cibnor_sim/cibnor_sim.egg-info/entry_points.txt
writing requirements to ../../build/cibnor_sim/cibnor_sim.egg-info/requires.txt
writing top-level names to ../../build/cibnor_sim/cibnor_sim.egg-info/top_level.txt
reading manifest file '../../build/cibnor_sim/cibnor_sim.egg-info/SOURCES.txt'
writing manifest file '../../build/cibnor_sim/cibnor_sim.egg-info/SOURCES.txt'
running build
running build_py
copying cibnor_sim/webots_obstacle_avoider.py -> /home/cibnor/ros2_ws/build/cibnor_sim/build/lib/cibnor_sim
running install
running install_lib
copying /home/cibnor/ros2_ws/build/cibnor_sim/build/lib/cibnor_sim/webots_robot_driver.py -> /home/cibnor/ros2_ws/install/cibnor_sim/lib/python3.10/site-packages/cibnor_sim
copying /home/cibnor/ros2_ws/build/cibnor_sim/build/lib/cibnor_sim/webots_obstacle_avoider.py -> /home/cibnor/ros2_ws/install/cibnor_sim/lib/python3.10/site-packages/cibnor_sim
copying /home/cibnor/ros2_ws/build/cibnor_sim/build/lib/cibnor_sim/__init__.py -> /home/cibnor/ros2_ws/install/cibnor_sim/lib/python3.10/site-packages/cibnor_sim
byte-compiling /home/cibnor/ros2_ws/install/cibnor_sim/lib/python3.10/site-packages/cibnor_sim/webots_robot_driver.py to webots_robot_driver.cpython-310.pyc
byte-compiling /home/cibnor/ros2_ws/install/cibnor_sim/lib/python3.10/site-packages/cibnor_sim/webots_obstacle_avoider.py to webots_obstacle_avoider.cpython-310.pyc
byte-compiling /home/cibnor/ros2_ws/install/cibnor_sim/lib/python3.10/site-packages/cibnor_sim/__init__.py to __init__.cpython-310.pyc
running install_data
copying resource/cibnor_sim -> /home/cibnor/ros2_ws/install/cibnor_sim/share/ament_index/resource_index/packages
copying config/cibnor_sim.yaml -> /home/cibnor/ros2_ws/install/cibnor_sim/share/cibnor_sim/config
copying launch/robot_launch.py -> /home/cibnor/ros2_ws/install/cibnor_sim/share/cibnor_sim/launch
copying launch/robot_dist_sensors_launch.py -> /home/cibnor/ros2_ws/install/cibnor_sim/share/cibnor_sim/launch
copying worlds/Greenhouse.wbt -> /home/cibnor/ros2_ws/install/cibnor_sim/share/cibnor_sim/worlds
copying resource/robot.urdf -> /home/cibnor/ros2_ws/install/cibnor_sim/share/cibnor_sim/resource
copying package.xml -> /home/cibnor/ros2_ws/install/cibnor_sim/share/cibnor_sim
running install_egg_info
Copying ../../build/cibnor_sim/cibnor_sim.egg-info to /home/cibnor/ros2_ws/install/cibnor_sim/lib/python3.10/site-packages/cibnor_sim-0.0.0-py3.10.egg-info
running install_scripts
Installing obstacle_avoider script to /home/cibnor/ros2_ws/install/cibnor_sim/lib/cibnor_sim
Installing robot_driver script to /home/cibnor/ros2_ws/install/cibnor_sim/lib/cibnor_sim
writing list of installed files to '/home/cibnor/ros2_ws/build/cibnor_sim/install.log'
