[0.729s] Invoking command in '/home/cibnor/ros2_ws/build/cibnor_sim': PYTHONPATH=/home/cibnor/ros2_ws/build/cibnor_sim/prefix_override:/usr/lib/python3/dist-packages/colcon_core/task/python/colcon_distutils_commands:/home/cibnor/ros2_ws/install/cibnor_sim/lib/python3.10/site-packages:${PYTHONPATH} /usr/bin/python3 -W ignore:setup.py install is deprecated -W ignore:easy_install command is deprecated setup.py develop --uninstall --editable --build-directory /home/cibnor/ros2_ws/build/cibnor_sim/build
[1.048s] running develop
[1.221s] Removing /home/cibnor/ros2_ws/install/cibnor_sim/lib/python3.10/site-packages/cibnor-sim.egg-link (link to .)
[1.247s] Invoked command in '/home/cibnor/ros2_ws/build/cibnor_sim' returned '0': PYTHONPATH=/home/cibnor/ros2_ws/build/cibnor_sim/prefix_override:/usr/lib/python3/dist-packages/colcon_core/task/python/colcon_distutils_commands:/home/cibnor/ros2_ws/install/cibnor_sim/lib/python3.10/site-packages:${PYTHONPATH} /usr/bin/python3 -W ignore:setup.py install is deprecated -W ignore:easy_install command is deprecated setup.py develop --uninstall --editable --build-directory /home/cibnor/ros2_ws/build/cibnor_sim/build
[1.250s] Invoking command in '/home/cibnor/ros2_ws/src/cibnor_sim': PYTHONPATH=/home/cibnor/ros2_ws/build/cibnor_sim/prefix_override:/usr/lib/python3/dist-packages/colcon_core/task/python/colcon_distutils_commands:/home/cibnor/ros2_ws/install/cibnor_sim/lib/python3.10/site-packages:${PYTHONPATH} /usr/bin/python3 -W ignore:setup.py install is deprecated -W ignore:easy_install command is deprecated setup.py egg_info --egg-base ../../build/cibnor_sim build --build-base /home/cibnor/ros2_ws/build/cibnor_sim/build install --record /home/cibnor/ros2_ws/build/cibnor_sim/install.log --single-version-externally-managed install_data --force
[1.554s] running egg_info
[1.555s] writing ../../build/cibnor_sim/cibnor_sim.egg-info/PKG-INFO
[1.555s] writing dependency_links to ../../build/cibnor_sim/cibnor_sim.egg-info/dependency_links.txt
[1.556s] writing entry points to ../../build/cibnor_sim/cibnor_sim.egg-info/entry_points.txt
[1.556s] writing requirements to ../../build/cibnor_sim/cibnor_sim.egg-info/requires.txt
[1.556s] writing top-level names to ../../build/cibnor_sim/cibnor_sim.egg-info/top_level.txt
[1.559s] reading manifest file '../../build/cibnor_sim/cibnor_sim.egg-info/SOURCES.txt'
[1.560s] writing manifest file '../../build/cibnor_sim/cibnor_sim.egg-info/SOURCES.txt'
[1.560s] running build
[1.560s] running build_py
[1.561s] copying cibnor_sim/webots_obstacle_avoider.py -> /home/cibnor/ros2_ws/build/cibnor_sim/build/lib/cibnor_sim
[1.561s] running install
[1.562s] running install_lib
[1.563s] copying /home/cibnor/ros2_ws/build/cibnor_sim/build/lib/cibnor_sim/webots_robot_driver.py -> /home/cibnor/ros2_ws/install/cibnor_sim/lib/python3.10/site-packages/cibnor_sim
[1.563s] copying /home/cibnor/ros2_ws/build/cibnor_sim/build/lib/cibnor_sim/webots_obstacle_avoider.py -> /home/cibnor/ros2_ws/install/cibnor_sim/lib/python3.10/site-packages/cibnor_sim
[1.564s] copying /home/cibnor/ros2_ws/build/cibnor_sim/build/lib/cibnor_sim/__init__.py -> /home/cibnor/ros2_ws/install/cibnor_sim/lib/python3.10/site-packages/cibnor_sim
[1.564s] byte-compiling /home/cibnor/ros2_ws/install/cibnor_sim/lib/python3.10/site-packages/cibnor_sim/webots_robot_driver.py to webots_robot_driver.cpython-310.pyc
[1.566s] byte-compiling /home/cibnor/ros2_ws/install/cibnor_sim/lib/python3.10/site-packages/cibnor_sim/webots_obstacle_avoider.py to webots_obstacle_avoider.cpython-310.pyc
[1.567s] byte-compiling /home/cibnor/ros2_ws/install/cibnor_sim/lib/python3.10/site-packages/cibnor_sim/__init__.py to __init__.cpython-310.pyc
[1.567s] running install_data
[1.568s] copying resource/cibnor_sim -> /home/cibnor/ros2_ws/install/cibnor_sim/share/ament_index/resource_index/packages
[1.568s] copying config/cibnor_sim.yaml -> /home/cibnor/ros2_ws/install/cibnor_sim/share/cibnor_sim/config
[1.569s] copying launch/robot_launch.py -> /home/cibnor/ros2_ws/install/cibnor_sim/share/cibnor_sim/launch
[1.570s] copying launch/robot_dist_sensors_launch.py -> /home/cibnor/ros2_ws/install/cibnor_sim/share/cibnor_sim/launch
[1.570s] copying worlds/Greenhouse.wbt -> /home/cibnor/ros2_ws/install/cibnor_sim/share/cibnor_sim/worlds
[1.570s] copying resource/robot.urdf -> /home/cibnor/ros2_ws/install/cibnor_sim/share/cibnor_sim/resource
[1.570s] copying package.xml -> /home/cibnor/ros2_ws/install/cibnor_sim/share/cibnor_sim
[1.571s] running install_egg_info
[1.573s] Copying ../../build/cibnor_sim/cibnor_sim.egg-info to /home/cibnor/ros2_ws/install/cibnor_sim/lib/python3.10/site-packages/cibnor_sim-0.0.0-py3.10.egg-info
[1.575s] running install_scripts
[1.598s] Installing obstacle_avoider script to /home/cibnor/ros2_ws/install/cibnor_sim/lib/cibnor_sim
[1.598s] Installing robot_driver script to /home/cibnor/ros2_ws/install/cibnor_sim/lib/cibnor_sim
[1.598s] writing list of installed files to '/home/cibnor/ros2_ws/build/cibnor_sim/install.log'
[1.627s] Invoked command in '/home/cibnor/ros2_ws/src/cibnor_sim' returned '0': PYTHONPATH=/home/cibnor/ros2_ws/build/cibnor_sim/prefix_override:/usr/lib/python3/dist-packages/colcon_core/task/python/colcon_distutils_commands:/home/cibnor/ros2_ws/install/cibnor_sim/lib/python3.10/site-packages:${PYTHONPATH} /usr/bin/python3 -W ignore:setup.py install is deprecated -W ignore:easy_install command is deprecated setup.py egg_info --egg-base ../../build/cibnor_sim build --build-base /home/cibnor/ros2_ws/build/cibnor_sim/build install --record /home/cibnor/ros2_ws/build/cibnor_sim/install.log --single-version-externally-managed install_data --force
