[0.458s] DEBUG:colcon:Command line arguments: ['/usr/bin/colcon', 'build']
[0.458s] DEBUG:colcon:Parsed command line arguments: Namespace(log_base=None, log_level=None, verb_name='build', build_base='build', install_base='install', merge_install=False, symlink_install=False, test_result_base=None, continue_on_error=False, executor='parallel', parallel_workers=8, event_handlers=None, ignore_user_meta=False, metas=['./colcon.meta'], base_paths=['.'], packages_ignore=None, packages_ignore_regex=None, paths=None, packages_up_to=None, packages_up_to_regex=None, packages_above=None, packages_above_and_dependencies=None, packages_above_depth=None, packages_select_by_dep=None, packages_skip_by_dep=None, packages_skip_up_to=None, packages_select_build_failed=False, packages_skip_build_finished=False, packages_select_test_failures=False, packages_skip_test_passed=False, packages_select=None, packages_skip=None, packages_select_regex=None, packages_skip_regex=None, packages_start=None, packages_end=None, allow_overriding=[], cmake_args=None, cmake_target=None, cmake_target_skip_unavailable=False, cmake_clean_cache=False, cmake_clean_first=False, cmake_force_configure=False, ament_cmake_args=None, catkin_cmake_args=None, catkin_skip_building_tests=False, verb_parser=<colcon_defaults.argument_parser.defaults.DefaultArgumentsDecorator object at 0x74befd61ba30>, verb_extension=<colcon_core.verb.build.BuildVerb object at 0x74befd61b460>, main=<bound method BuildVerb.main of <colcon_core.verb.build.BuildVerb object at 0x74befd61b460>>)
[1.010s] Level 1:colcon.colcon_core.package_discovery:discover_packages(colcon_meta) check parameters
[1.010s] Level 1:colcon.colcon_core.package_discovery:discover_packages(recursive) check parameters
[1.010s] Level 1:colcon.colcon_core.package_discovery:discover_packages(ignore) check parameters
[1.010s] Level 1:colcon.colcon_core.package_discovery:discover_packages(path) check parameters
[1.010s] Level 1:colcon.colcon_core.package_discovery:discover_packages(colcon_meta) discover
[1.010s] Level 1:colcon.colcon_core.package_discovery:discover_packages(recursive) discover
[1.011s] INFO:colcon.colcon_core.package_discovery:Crawling recursively for packages in '/home/cibnor/ros2_ws'
[1.011s] Level 1:colcon.colcon_core.package_identification:_identify(.) by extensions ['ignore', 'ignore_ament_install']
[1.011s] Level 1:colcon.colcon_core.package_identification:_identify(.) by extension 'ignore'
[1.011s] Level 1:colcon.colcon_core.package_identification:_identify(.) by extension 'ignore_ament_install'
[1.011s] Level 1:colcon.colcon_core.package_identification:_identify(.) by extensions ['colcon_pkg']
[1.011s] Level 1:colcon.colcon_core.package_identification:_identify(.) by extension 'colcon_pkg'
[1.011s] Level 1:colcon.colcon_core.package_identification:_identify(.) by extensions ['colcon_meta']
[1.011s] Level 1:colcon.colcon_core.package_identification:_identify(.) by extension 'colcon_meta'
[1.011s] Level 1:colcon.colcon_core.package_identification:_identify(.) by extensions ['ros']
[1.011s] Level 1:colcon.colcon_core.package_identification:_identify(.) by extension 'ros'
[1.035s] Level 1:colcon.colcon_core.package_identification:_identify(.) by extensions ['cmake', 'python']
[1.035s] Level 1:colcon.colcon_core.package_identification:_identify(.) by extension 'cmake'
[1.035s] Level 1:colcon.colcon_core.package_identification:_identify(.) by extension 'python'
[1.035s] Level 1:colcon.colcon_core.package_identification:_identify(.) by extensions ['python_setup_py']
[1.035s] Level 1:colcon.colcon_core.package_identification:_identify(.) by extension 'python_setup_py'
[1.036s] Level 1:colcon.colcon_core.package_identification:_identify(build) by extensions ['ignore', 'ignore_ament_install']
[1.036s] Level 1:colcon.colcon_core.package_identification:_identify(build) by extension 'ignore'
[1.036s] Level 1:colcon.colcon_core.package_identification:_identify(build) ignored
[1.037s] Level 1:colcon.colcon_core.package_identification:_identify(install) by extensions ['ignore', 'ignore_ament_install']
[1.037s] Level 1:colcon.colcon_core.package_identification:_identify(install) by extension 'ignore'
[1.038s] Level 1:colcon.colcon_core.package_identification:_identify(install) ignored
[1.039s] Level 1:colcon.colcon_core.package_identification:_identify(log) by extensions ['ignore', 'ignore_ament_install']
[1.039s] Level 1:colcon.colcon_core.package_identification:_identify(log) by extension 'ignore'
[1.039s] Level 1:colcon.colcon_core.package_identification:_identify(log) ignored
[1.039s] Level 1:colcon.colcon_core.package_identification:_identify(src) by extensions ['ignore', 'ignore_ament_install']
[1.039s] Level 1:colcon.colcon_core.package_identification:_identify(src) by extension 'ignore'
[1.039s] Level 1:colcon.colcon_core.package_identification:_identify(src) by extension 'ignore_ament_install'
[1.039s] Level 1:colcon.colcon_core.package_identification:_identify(src) by extensions ['colcon_pkg']
[1.039s] Level 1:colcon.colcon_core.package_identification:_identify(src) by extension 'colcon_pkg'
[1.039s] Level 1:colcon.colcon_core.package_identification:_identify(src) by extensions ['colcon_meta']
[1.040s] Level 1:colcon.colcon_core.package_identification:_identify(src) by extension 'colcon_meta'
[1.040s] Level 1:colcon.colcon_core.package_identification:_identify(src) by extensions ['ros']
[1.040s] Level 1:colcon.colcon_core.package_identification:_identify(src) by extension 'ros'
[1.040s] Level 1:colcon.colcon_core.package_identification:_identify(src) by extensions ['cmake', 'python']
[1.040s] Level 1:colcon.colcon_core.package_identification:_identify(src) by extension 'cmake'
[1.040s] Level 1:colcon.colcon_core.package_identification:_identify(src) by extension 'python'
[1.040s] Level 1:colcon.colcon_core.package_identification:_identify(src) by extensions ['python_setup_py']
[1.040s] Level 1:colcon.colcon_core.package_identification:_identify(src) by extension 'python_setup_py'
[1.040s] Level 1:colcon.colcon_core.package_identification:_identify(src/cibnor_sim) by extensions ['ignore', 'ignore_ament_install']
[1.040s] Level 1:colcon.colcon_core.package_identification:_identify(src/cibnor_sim) by extension 'ignore'
[1.040s] Level 1:colcon.colcon_core.package_identification:_identify(src/cibnor_sim) by extension 'ignore_ament_install'
[1.040s] Level 1:colcon.colcon_core.package_identification:_identify(src/cibnor_sim) by extensions ['colcon_pkg']
[1.040s] Level 1:colcon.colcon_core.package_identification:_identify(src/cibnor_sim) by extension 'colcon_pkg'
[1.040s] Level 1:colcon.colcon_core.package_identification:_identify(src/cibnor_sim) by extensions ['colcon_meta']
[1.040s] Level 1:colcon.colcon_core.package_identification:_identify(src/cibnor_sim) by extension 'colcon_meta'
[1.040s] Level 1:colcon.colcon_core.package_identification:_identify(src/cibnor_sim) by extensions ['ros']
[1.040s] Level 1:colcon.colcon_core.package_identification:_identify(src/cibnor_sim) by extension 'ros'
[1.045s] DEBUG:colcon.colcon_core.package_identification:Package 'src/cibnor_sim' with type 'ros.ament_python' and name 'cibnor_sim'
[1.046s] Level 1:colcon.colcon_core.package_discovery:discover_packages(recursive) using defaults
[1.046s] Level 1:colcon.colcon_core.package_discovery:discover_packages(ignore) discover
[1.046s] Level 1:colcon.colcon_core.package_discovery:discover_packages(ignore) using defaults
[1.046s] Level 1:colcon.colcon_core.package_discovery:discover_packages(path) discover
[1.046s] Level 1:colcon.colcon_core.package_discovery:discover_packages(path) using defaults
[1.100s] Level 1:colcon.colcon_core.package_discovery:discover_packages(prefix_path) check parameters
[1.100s] Level 1:colcon.colcon_core.package_discovery:discover_packages(prefix_path) discover
[1.106s] DEBUG:colcon.colcon_installed_package_information.package_discovery:Found 1 installed packages in /home/cibnor/ros2_ws/install
[1.110s] DEBUG:colcon.colcon_installed_package_information.package_discovery:Found 309 installed packages in /opt/ros/humble
[1.122s] Level 1:colcon.colcon_core.package_discovery:discover_packages(prefix_path) using defaults
[1.259s] Level 5:colcon.colcon_core.verb:set package 'cibnor_sim' build argument 'cmake_args' from command line to 'None'
[1.260s] Level 5:colcon.colcon_core.verb:set package 'cibnor_sim' build argument 'cmake_target' from command line to 'None'
[1.260s] Level 5:colcon.colcon_core.verb:set package 'cibnor_sim' build argument 'cmake_target_skip_unavailable' from command line to 'False'
[1.260s] Level 5:colcon.colcon_core.verb:set package 'cibnor_sim' build argument 'cmake_clean_cache' from command line to 'False'
[1.260s] Level 5:colcon.colcon_core.verb:set package 'cibnor_sim' build argument 'cmake_clean_first' from command line to 'False'
[1.260s] Level 5:colcon.colcon_core.verb:set package 'cibnor_sim' build argument 'cmake_force_configure' from command line to 'False'
[1.260s] Level 5:colcon.colcon_core.verb:set package 'cibnor_sim' build argument 'ament_cmake_args' from command line to 'None'
[1.260s] Level 5:colcon.colcon_core.verb:set package 'cibnor_sim' build argument 'catkin_cmake_args' from command line to 'None'
[1.260s] Level 5:colcon.colcon_core.verb:set package 'cibnor_sim' build argument 'catkin_skip_building_tests' from command line to 'False'
[1.260s] DEBUG:colcon.colcon_core.verb:Building package 'cibnor_sim' with the following arguments: {'ament_cmake_args': None, 'build_base': '/home/cibnor/ros2_ws/build/cibnor_sim', 'catkin_cmake_args': None, 'catkin_skip_building_tests': False, 'cmake_args': None, 'cmake_clean_cache': False, 'cmake_clean_first': False, 'cmake_force_configure': False, 'cmake_target': None, 'cmake_target_skip_unavailable': False, 'install_base': '/home/cibnor/ros2_ws/install/cibnor_sim', 'merge_install': False, 'path': '/home/cibnor/ros2_ws/src/cibnor_sim', 'symlink_install': False, 'test_result_base': None}
[1.260s] INFO:colcon.colcon_core.executor:Executing jobs using 'parallel' executor
[1.261s] DEBUG:colcon.colcon_parallel_executor.executor.parallel:run_until_complete
[1.261s] INFO:colcon.colcon_ros.task.ament_python.build:Building ROS package in '/home/cibnor/ros2_ws/src/cibnor_sim' with build type 'ament_python'
[1.261s] Level 1:colcon.colcon_core.shell:create_environment_hook('cibnor_sim', 'ament_prefix_path')
[1.270s] INFO:colcon.colcon_core.plugin_system:Skipping extension 'colcon_core.shell.bat': Not used on non-Windows systems
[1.271s] INFO:colcon.colcon_core.shell:Creating environment hook '/home/cibnor/ros2_ws/install/cibnor_sim/share/cibnor_sim/hook/ament_prefix_path.ps1'
[1.272s] INFO:colcon.colcon_core.shell:Creating environment descriptor '/home/cibnor/ros2_ws/install/cibnor_sim/share/cibnor_sim/hook/ament_prefix_path.dsv'
[1.273s] INFO:colcon.colcon_core.shell:Creating environment hook '/home/cibnor/ros2_ws/install/cibnor_sim/share/cibnor_sim/hook/ament_prefix_path.sh'
[1.275s] INFO:colcon.colcon_core.shell:Skip shell extension 'powershell' for command environment: Not usable outside of PowerShell
[1.275s] DEBUG:colcon.colcon_core.shell:Skip shell extension 'dsv' for command environment
[1.566s] INFO:colcon.colcon_core.task.python.build:Building Python package in '/home/cibnor/ros2_ws/src/cibnor_sim'
[1.566s] INFO:colcon.colcon_core.shell:Skip shell extension 'powershell' for command environment: Not usable outside of PowerShell
[1.566s] DEBUG:colcon.colcon_core.shell:Skip shell extension 'dsv' for command environment
[2.183s] DEBUG:colcon.colcon_core.event_handler.log_command:Invoking command in '/home/cibnor/ros2_ws/src/cibnor_sim': PYTHONPATH=/home/cibnor/ros2_ws/build/cibnor_sim/prefix_override:/usr/lib/python3/dist-packages/colcon_core/task/python/colcon_distutils_commands:/home/cibnor/ros2_ws/install/cibnor_sim/lib/python3.10/site-packages:${PYTHONPATH} /usr/bin/python3 -W ignore:setup.py install is deprecated -W ignore:easy_install command is deprecated setup.py egg_info --egg-base ../../build/cibnor_sim build --build-base /home/cibnor/ros2_ws/build/cibnor_sim/build install --record /home/cibnor/ros2_ws/build/cibnor_sim/install.log --single-version-externally-managed install_data
[0.841s] DEBUG:colcon.colcon_core.event_handler.log_command:Invoked command in '/home/cibnor/ros2_ws/src/cibnor_sim' returned '0': PYTHONPATH=/home/cibnor/ros2_ws/build/cibnor_sim/prefix_override:/usr/lib/python3/dist-packages/colcon_core/task/python/colcon_distutils_commands:/home/cibnor/ros2_ws/install/cibnor_sim/lib/python3.10/site-packages:${PYTHONPATH} /usr/bin/python3 -W ignore:setup.py install is deprecated -W ignore:easy_install command is deprecated setup.py egg_info --egg-base ../../build/cibnor_sim build --build-base /home/cibnor/ros2_ws/build/cibnor_sim/build install --record /home/cibnor/ros2_ws/build/cibnor_sim/install.log --single-version-externally-managed install_data
[0.851s] Level 1:colcon.colcon_core.environment:checking '/home/cibnor/ros2_ws/install/cibnor_sim' for CMake module files
[0.852s] Level 1:colcon.colcon_core.environment:checking '/home/cibnor/ros2_ws/install/cibnor_sim' for CMake config files
[0.859s] Level 1:colcon.colcon_core.environment:checking '/home/cibnor/ros2_ws/install/cibnor_sim/lib'
[0.859s] Level 1:colcon.colcon_core.environment:checking '/home/cibnor/ros2_ws/install/cibnor_sim/bin'
[0.859s] Level 1:colcon.colcon_core.environment:checking '/home/cibnor/ros2_ws/install/cibnor_sim/lib/pkgconfig/cibnor_sim.pc'
[0.859s] Level 1:colcon.colcon_core.environment:checking '/home/cibnor/ros2_ws/install/cibnor_sim/lib/python3.10/site-packages'
[0.859s] Level 1:colcon.colcon_core.shell:create_environment_hook('cibnor_sim', 'pythonpath')
[0.860s] INFO:colcon.colcon_core.shell:Creating environment hook '/home/cibnor/ros2_ws/install/cibnor_sim/share/cibnor_sim/hook/pythonpath.ps1'
[0.860s] INFO:colcon.colcon_core.shell:Creating environment descriptor '/home/cibnor/ros2_ws/install/cibnor_sim/share/cibnor_sim/hook/pythonpath.dsv'
[0.861s] INFO:colcon.colcon_core.shell:Creating environment hook '/home/cibnor/ros2_ws/install/cibnor_sim/share/cibnor_sim/hook/pythonpath.sh'
[0.861s] Level 1:colcon.colcon_core.environment:checking '/home/cibnor/ros2_ws/install/cibnor_sim/bin'
[0.861s] Level 1:colcon.colcon_core.environment:create_environment_scripts_only(cibnor_sim)
[0.862s] INFO:colcon.colcon_core.shell:Creating package script '/home/cibnor/ros2_ws/install/cibnor_sim/share/cibnor_sim/package.ps1'
[0.863s] INFO:colcon.colcon_core.shell:Creating package descriptor '/home/cibnor/ros2_ws/install/cibnor_sim/share/cibnor_sim/package.dsv'
[0.864s] INFO:colcon.colcon_core.shell:Creating package script '/home/cibnor/ros2_ws/install/cibnor_sim/share/cibnor_sim/package.sh'
[0.865s] INFO:colcon.colcon_core.shell:Creating package script '/home/cibnor/ros2_ws/install/cibnor_sim/share/cibnor_sim/package.bash'
[0.866s] INFO:colcon.colcon_core.shell:Creating package script '/home/cibnor/ros2_ws/install/cibnor_sim/share/cibnor_sim/package.zsh'
[0.868s] Level 1:colcon.colcon_core.environment:create_file_with_runtime_dependencies(/home/cibnor/ros2_ws/install/cibnor_sim/share/colcon-core/packages/cibnor_sim)
[0.868s] DEBUG:colcon.colcon_parallel_executor.executor.parallel:closing loop
[0.869s] DEBUG:colcon.colcon_parallel_executor.executor.parallel:loop closed
[0.869s] DEBUG:colcon.colcon_parallel_executor.executor.parallel:run_until_complete finished with '0'
[0.869s] DEBUG:colcon.colcon_core.event_reactor:joining thread
[0.917s] INFO:colcon.colcon_core.plugin_system:Skipping extension 'colcon_notification.desktop_notification.notify_send': Could not find 'notify-send'
[0.917s] INFO:colcon.colcon_core.plugin_system:Skipping extension 'colcon_notification.desktop_notification.terminal_notifier': Not used on non-Darwin systems
[0.917s] INFO:colcon.colcon_core.plugin_system:Skipping extension 'colcon_notification.desktop_notification.win32': Not used on non-Windows systems
[0.917s] INFO:colcon.colcon_notification.desktop_notification:Sending desktop notification using 'notify2'
[0.918s] DEBUG:colcon.colcon_notification.desktop_notification.notify2:Failed to initialize notify2: org.freedesktop.DBus.Error.FileNotFound: Failed to connect to socket /run/user/1000/bus: No such file or directory
[0.918s] DEBUG:colcon.colcon_core.event_reactor:joined thread
[0.918s] INFO:colcon.colcon_core.shell:Creating prefix script '/home/cibnor/ros2_ws/install/local_setup.ps1'
[0.920s] INFO:colcon.colcon_core.shell:Creating prefix util module '/home/cibnor/ros2_ws/install/_local_setup_util_ps1.py'
[0.922s] INFO:colcon.colcon_core.shell:Creating prefix chain script '/home/cibnor/ros2_ws/install/setup.ps1'
[0.924s] INFO:colcon.colcon_core.shell:Creating prefix script '/home/cibnor/ros2_ws/install/local_setup.sh'
[0.925s] INFO:colcon.colcon_core.shell:Creating prefix util module '/home/cibnor/ros2_ws/install/_local_setup_util_sh.py'
[0.926s] INFO:colcon.colcon_core.shell:Creating prefix chain script '/home/cibnor/ros2_ws/install/setup.sh'
[0.929s] INFO:colcon.colcon_core.shell:Creating prefix script '/home/cibnor/ros2_ws/install/local_setup.bash'
[0.930s] INFO:colcon.colcon_core.shell:Creating prefix chain script '/home/cibnor/ros2_ws/install/setup.bash'
[0.932s] INFO:colcon.colcon_core.shell:Creating prefix script '/home/cibnor/ros2_ws/install/local_setup.zsh'
[0.933s] INFO:colcon.colcon_core.shell:Creating prefix chain script '/home/cibnor/ros2_ws/install/setup.zsh'
