running egg_info
creating ../../build/cibnor_sim/cibnor_sim.egg-info
writing ../../build/cibnor_sim/cibnor_sim.egg-info/PKG-INFO
writing dependency_links to ../../build/cibnor_sim/cibnor_sim.egg-info/dependency_links.txt
writing entry points to ../../build/cibnor_sim/cibnor_sim.egg-info/entry_points.txt
writing requirements to ../../build/cibnor_sim/cibnor_sim.egg-info/requires.txt
writing top-level names to ../../build/cibnor_sim/cibnor_sim.egg-info/top_level.txt
writing manifest file '../../build/cibnor_sim/cibnor_sim.egg-info/SOURCES.txt'
reading manifest file '../../build/cibnor_sim/cibnor_sim.egg-info/SOURCES.txt'
writing manifest file '../../build/cibnor_sim/cibnor_sim.egg-info/SOURCES.txt'
running build
running build_py
creating /home/cibnor/ros2_ws/build/cibnor_sim/build
creating /home/cibnor/ros2_ws/build/cibnor_sim/build/lib
creating /home/cibnor/ros2_ws/build/cibnor_sim/build/lib/cibnor_sim
copying cibnor_sim/__init__.py -> /home/cibnor/ros2_ws/build/cibnor_sim/build/lib/cibnor_sim
running install
running install_lib
creating /home/cibnor/ros2_ws/install/cibnor_sim/lib/python3.10/site-packages/cibnor_sim
copying /home/cibnor/ros2_ws/build/cibnor_sim/build/lib/cibnor_sim/__init__.py -> /home/cibnor/ros2_ws/install/cibnor_sim/lib/python3.10/site-packages/cibnor_sim
byte-compiling /home/cibnor/ros2_ws/install/cibnor_sim/lib/python3.10/site-packages/cibnor_sim/__init__.py to __init__.cpython-310.pyc
running install_data
creating /home/cibnor/ros2_ws/install/cibnor_sim/share/ament_index
creating /home/cibnor/ros2_ws/install/cibnor_sim/share/ament_index/resource_index
creating /home/cibnor/ros2_ws/install/cibnor_sim/share/ament_index/resource_index/packages
copying resource/cibnor_sim -> /home/cibnor/ros2_ws/install/cibnor_sim/share/ament_index/resource_index/packages
copying package.xml -> /home/cibnor/ros2_ws/install/cibnor_sim/share/cibnor_sim
running install_egg_info
Copying ../../build/cibnor_sim/cibnor_sim.egg-info to /home/cibnor/ros2_ws/install/cibnor_sim/lib/python3.10/site-packages/cibnor_sim-0.0.0-py3.10.egg-info
running install_scripts
writing list of installed files to '/home/cibnor/ros2_ws/build/cibnor_sim/install.log'
