[0.916s] Invoking command in '/home/cibnor/ros2_ws/src/cibnor_sim': PYTHONPATH=/home/cibnor/ros2_ws/build/cibnor_sim/prefix_override:/usr/lib/python3/dist-packages/colcon_core/task/python/colcon_distutils_commands:/home/cibnor/ros2_ws/install/cibnor_sim/lib/python3.10/site-packages:${PYTHONPATH} /usr/bin/python3 -W ignore:setup.py install is deprecated -W ignore:easy_install command is deprecated setup.py egg_info --egg-base ../../build/cibnor_sim build --build-base /home/cibnor/ros2_ws/build/cibnor_sim/build install --record /home/cibnor/ros2_ws/build/cibnor_sim/install.log --single-version-externally-managed install_data
[1.152s] running egg_info
[1.153s] creating ../../build/cibnor_sim/cibnor_sim.egg-info
[1.153s] writing ../../build/cibnor_sim/cibnor_sim.egg-info/PKG-INFO
[1.154s] writing dependency_links to ../../build/cibnor_sim/cibnor_sim.egg-info/dependency_links.txt
[1.154s] writing entry points to ../../build/cibnor_sim/cibnor_sim.egg-info/entry_points.txt
[1.154s] writing requirements to ../../build/cibnor_sim/cibnor_sim.egg-info/requires.txt
[1.155s] writing top-level names to ../../build/cibnor_sim/cibnor_sim.egg-info/top_level.txt
[1.155s] writing manifest file '../../build/cibnor_sim/cibnor_sim.egg-info/SOURCES.txt'
[1.157s] reading manifest file '../../build/cibnor_sim/cibnor_sim.egg-info/SOURCES.txt'
[1.157s] writing manifest file '../../build/cibnor_sim/cibnor_sim.egg-info/SOURCES.txt'
[1.158s] running build
[1.158s] running build_py
[1.158s] creating /home/cibnor/ros2_ws/build/cibnor_sim/build
[1.158s] creating /home/cibnor/ros2_ws/build/cibnor_sim/build/lib
[1.158s] creating /home/cibnor/ros2_ws/build/cibnor_sim/build/lib/cibnor_sim
[1.159s] copying cibnor_sim/__init__.py -> /home/cibnor/ros2_ws/build/cibnor_sim/build/lib/cibnor_sim
[1.159s] running install
[1.159s] running install_lib
[1.160s] creating /home/cibnor/ros2_ws/install/cibnor_sim/lib/python3.10/site-packages/cibnor_sim
[1.161s] copying /home/cibnor/ros2_ws/build/cibnor_sim/build/lib/cibnor_sim/__init__.py -> /home/cibnor/ros2_ws/install/cibnor_sim/lib/python3.10/site-packages/cibnor_sim
[1.161s] byte-compiling /home/cibnor/ros2_ws/install/cibnor_sim/lib/python3.10/site-packages/cibnor_sim/__init__.py to __init__.cpython-310.pyc
[1.162s] running install_data
[1.162s] creating /home/cibnor/ros2_ws/install/cibnor_sim/share/ament_index
[1.162s] creating /home/cibnor/ros2_ws/install/cibnor_sim/share/ament_index/resource_index
[1.163s] creating /home/cibnor/ros2_ws/install/cibnor_sim/share/ament_index/resource_index/packages
[1.163s] copying resource/cibnor_sim -> /home/cibnor/ros2_ws/install/cibnor_sim/share/ament_index/resource_index/packages
[1.163s] copying package.xml -> /home/cibnor/ros2_ws/install/cibnor_sim/share/cibnor_sim
[1.163s] running install_egg_info
[1.165s] Copying ../../build/cibnor_sim/cibnor_sim.egg-info to /home/cibnor/ros2_ws/install/cibnor_sim/lib/python3.10/site-packages/cibnor_sim-0.0.0-py3.10.egg-info
[1.166s] running install_scripts
[1.186s] writing list of installed files to '/home/cibnor/ros2_ws/build/cibnor_sim/install.log'
[1.214s] Invoked command in '/home/cibnor/ros2_ws/src/cibnor_sim' returned '0': PYTHONPATH=/home/cibnor/ros2_ws/build/cibnor_sim/prefix_override:/usr/lib/python3/dist-packages/colcon_core/task/python/colcon_distutils_commands:/home/cibnor/ros2_ws/install/cibnor_sim/lib/python3.10/site-packages:${PYTHONPATH} /usr/bin/python3 -W ignore:setup.py install is deprecated -W ignore:easy_install command is deprecated setup.py egg_info --egg-base ../../build/cibnor_sim build --build-base /home/cibnor/ros2_ws/build/cibnor_sim/build install --record /home/cibnor/ros2_ws/build/cibnor_sim/install.log --single-version-externally-managed install_data
