[0.995s] Invoking command in '/home/cibnor/ros2_ws/src/cibnor_sim': PYTHONPATH=/home/cibnor/ros2_ws/build/cibnor_sim/prefix_override:/usr/lib/python3/dist-packages/colcon_core/task/python/colcon_distutils_commands:/home/cibnor/ros2_ws/install/cibnor_sim/lib/python3.10/site-packages:${PYTHONPATH} /usr/bin/python3 -W ignore:setup.py install is deprecated -W ignore:easy_install command is deprecated setup.py egg_info --egg-base ../../build/cibnor_sim build --build-base /home/cibnor/ros2_ws/build/cibnor_sim/build install --record /home/cibnor/ros2_ws/build/cibnor_sim/install.log --single-version-externally-managed install_data
[1.237s] running egg_info
[1.238s] writing ../../build/cibnor_sim/cibnor_sim.egg-info/PKG-INFO
[1.238s] writing dependency_links to ../../build/cibnor_sim/cibnor_sim.egg-info/dependency_links.txt
[1.238s] writing entry points to ../../build/cibnor_sim/cibnor_sim.egg-info/entry_points.txt
[1.238s] writing requirements to ../../build/cibnor_sim/cibnor_sim.egg-info/requires.txt
[1.239s] writing top-level names to ../../build/cibnor_sim/cibnor_sim.egg-info/top_level.txt
[1.241s] reading manifest file '../../build/cibnor_sim/cibnor_sim.egg-info/SOURCES.txt'
[1.244s] writing manifest file '../../build/cibnor_sim/cibnor_sim.egg-info/SOURCES.txt'
[1.245s] running build
[1.245s] running build_py
[1.245s] copying cibnor_sim/odometry_publisher.py -> /home/cibnor/ros2_ws/build/cibnor_sim/build/lib/cibnor_sim
[1.245s] running install
[1.246s] running install_lib
[1.247s] copying /home/cibnor/ros2_ws/build/cibnor_sim/build/lib/cibnor_sim/odometry_publisher.py -> /home/cibnor/ros2_ws/install/cibnor_sim/lib/python3.10/site-packages/cibnor_sim
[1.251s] byte-compiling /home/cibnor/ros2_ws/install/cibnor_sim/lib/python3.10/site-packages/cibnor_sim/odometry_publisher.py to odometry_publisher.cpython-310.pyc
[1.252s] running install_data
[1.252s] copying launch/robot_odometry_launch.py -> /home/cibnor/ros2_ws/install/cibnor_sim/share/cibnor_sim/launch
[1.253s] copying resource/cibnor_lidar_sensor.urdf -> /home/cibnor/ros2_ws/install/cibnor_sim/share/cibnor_sim/resource
[1.253s] running install_egg_info
[1.255s] removing '/home/cibnor/ros2_ws/install/cibnor_sim/lib/python3.10/site-packages/cibnor_sim-0.0.0-py3.10.egg-info' (and everything under it)
[1.257s] Copying ../../build/cibnor_sim/cibnor_sim.egg-info to /home/cibnor/ros2_ws/install/cibnor_sim/lib/python3.10/site-packages/cibnor_sim-0.0.0-py3.10.egg-info
[1.259s] running install_scripts
[1.279s] Installing obstacle_avoider script to /home/cibnor/ros2_ws/install/cibnor_sim/lib/cibnor_sim
[1.279s] Installing odometry_publisher script to /home/cibnor/ros2_ws/install/cibnor_sim/lib/cibnor_sim
[1.280s] Installing robot_driver script to /home/cibnor/ros2_ws/install/cibnor_sim/lib/cibnor_sim
[1.280s] writing list of installed files to '/home/cibnor/ros2_ws/build/cibnor_sim/install.log'
[1.301s] Invoked command in '/home/cibnor/ros2_ws/src/cibnor_sim' returned '0': PYTHONPATH=/home/cibnor/ros2_ws/build/cibnor_sim/prefix_override:/usr/lib/python3/dist-packages/colcon_core/task/python/colcon_distutils_commands:/home/cibnor/ros2_ws/install/cibnor_sim/lib/python3.10/site-packages:${PYTHONPATH} /usr/bin/python3 -W ignore:setup.py install is deprecated -W ignore:easy_install command is deprecated setup.py egg_info --egg-base ../../build/cibnor_sim build --build-base /home/cibnor/ros2_ws/build/cibnor_sim/build install --record /home/cibnor/ros2_ws/build/cibnor_sim/install.log --single-version-externally-managed install_data
