[0.796s] Invoking command in '/home/cibnor/ros2_ws/src/cibnor_sim': PYTHONPATH=/home/cibnor/ros2_ws/build/cibnor_sim/prefix_override:/usr/lib/python3/dist-packages/colcon_core/task/python/colcon_distutils_commands:/home/cibnor/ros2_ws/install/cibnor_sim/lib/python3.10/site-packages:${PYTHONPATH} /usr/bin/python3 -W ignore:setup.py install is deprecated -W ignore:easy_install command is deprecated setup.py egg_info --egg-base ../../build/cibnor_sim build --build-base /home/cibnor/ros2_ws/build/cibnor_sim/build install --record /home/cibnor/ros2_ws/build/cibnor_sim/install.log --single-version-externally-managed install_data
[1.115s] running egg_info
[1.115s] writing ../../build/cibnor_sim/cibnor_sim.egg-info/PKG-INFO
[1.116s] writing dependency_links to ../../build/cibnor_sim/cibnor_sim.egg-info/dependency_links.txt
[1.116s] writing entry points to ../../build/cibnor_sim/cibnor_sim.egg-info/entry_points.txt
[1.116s] writing requirements to ../../build/cibnor_sim/cibnor_sim.egg-info/requires.txt
[1.117s] writing top-level names to ../../build/cibnor_sim/cibnor_sim.egg-info/top_level.txt
[1.120s] reading manifest file '../../build/cibnor_sim/cibnor_sim.egg-info/SOURCES.txt'
[1.123s] writing manifest file '../../build/cibnor_sim/cibnor_sim.egg-info/SOURCES.txt'
[1.123s] running build
[1.123s] running build_py
[1.123s] copying cibnor_sim/webots_robot_driver.py -> /home/cibnor/ros2_ws/build/cibnor_sim/build/lib/cibnor_sim
[1.124s] running install
[1.125s] running install_lib
[1.127s] copying /home/cibnor/ros2_ws/build/cibnor_sim/build/lib/cibnor_sim/webots_robot_driver.py -> /home/cibnor/ros2_ws/install/cibnor_sim/lib/python3.10/site-packages/cibnor_sim
[1.129s] byte-compiling /home/cibnor/ros2_ws/install/cibnor_sim/lib/python3.10/site-packages/cibnor_sim/webots_robot_driver.py to webots_robot_driver.cpython-310.pyc
[1.131s] running install_data
[1.131s] copying worlds/Greenhouse.wbt -> /home/cibnor/ros2_ws/install/cibnor_sim/share/cibnor_sim/worlds
[1.132s] copying resource/robot_dist_sensor.urdf -> /home/cibnor/ros2_ws/install/cibnor_sim/share/cibnor_sim/resource
[1.133s] error: can't copy 'resource/cinor_sim.urdf': doesn't exist or not a regular file
[1.163s] Invoked command in '/home/cibnor/ros2_ws/src/cibnor_sim' returned '1': PYTHONPATH=/home/cibnor/ros2_ws/build/cibnor_sim/prefix_override:/usr/lib/python3/dist-packages/colcon_core/task/python/colcon_distutils_commands:/home/cibnor/ros2_ws/install/cibnor_sim/lib/python3.10/site-packages:${PYTHONPATH} /usr/bin/python3 -W ignore:setup.py install is deprecated -W ignore:easy_install command is deprecated setup.py egg_info --egg-base ../../build/cibnor_sim build --build-base /home/cibnor/ros2_ws/build/cibnor_sim/build install --record /home/cibnor/ros2_ws/build/cibnor_sim/install.log --single-version-externally-managed install_data
