[0.456s] DEBUG:colcon:Command line arguments: ['/usr/bin/colcon', 'build', '--symlink-install']
[0.457s] DEBUG:colcon:Parsed command line arguments: Namespace(log_base=None, log_level=None, verb_name='build', build_base='build', install_base='install', merge_install=False, symlink_install=True, test_result_base=None, continue_on_error=False, executor='parallel', parallel_workers=8, event_handlers=None, ignore_user_meta=False, metas=['./colcon.meta'], base_paths=['.'], packages_ignore=None, packages_ignore_regex=None, paths=None, packages_up_to=None, packages_up_to_regex=None, packages_above=None, packages_above_and_dependencies=None, packages_above_depth=None, packages_select_by_dep=None, packages_skip_by_dep=None, packages_skip_up_to=None, packages_select_build_failed=False, packages_skip_build_finished=False, packages_select_test_failures=False, packages_skip_test_passed=False, packages_select=None, packages_skip=None, packages_select_regex=None, packages_skip_regex=None, packages_start=None, packages_end=None, allow_overriding=[], cmake_args=None, cmake_target=None, cmake_target_skip_unavailable=False, cmake_clean_cache=False, cmake_clean_first=False, cmake_force_configure=False, ament_cmake_args=None, catkin_cmake_args=None, catkin_skip_building_tests=False, verb_parser=<colcon_defaults.argument_parser.defaults.DefaultArgumentsDecorator object at 0x76bbbae27ca0>, verb_extension=<colcon_core.verb.build.BuildVerb object at 0x76bbbae276d0>, main=<bound method BuildVerb.main of <colcon_core.verb.build.BuildVerb object at 0x76bbbae276d0>>)
[1.165s] Level 1:colcon.colcon_core.package_discovery:discover_packages(colcon_meta) check parameters
[1.165s] Level 1:colcon.colcon_core.package_discovery:discover_packages(recursive) check parameters
[1.165s] Level 1:colcon.colcon_core.package_discovery:discover_packages(ignore) check parameters
[1.165s] Level 1:colcon.colcon_core.package_discovery:discover_packages(path) check parameters
[1.165s] Level 1:colcon.colcon_core.package_discovery:discover_packages(colcon_meta) discover
[1.165s] Level 1:colcon.colcon_core.package_discovery:discover_packages(recursive) discover
[1.165s] INFO:colcon.colcon_core.package_discovery:Crawling recursively for packages in '/home/cibnor/ros2_ws'
[1.165s] Level 1:colcon.colcon_core.package_identification:_identify(.) by extensions ['ignore', 'ignore_ament_install']
[1.166s] Level 1:colcon.colcon_core.package_identification:_identify(.) by extension 'ignore'
[1.166s] Level 1:colcon.colcon_core.package_identification:_identify(.) by extension 'ignore_ament_install'
[1.166s] Level 1:colcon.colcon_core.package_identification:_identify(.) by extensions ['colcon_pkg']
[1.166s] Level 1:colcon.colcon_core.package_identification:_identify(.) by extension 'colcon_pkg'
[1.166s] Level 1:colcon.colcon_core.package_identification:_identify(.) by extensions ['colcon_meta']
[1.166s] Level 1:colcon.colcon_core.package_identification:_identify(.) by extension 'colcon_meta'
[1.166s] Level 1:colcon.colcon_core.package_identification:_identify(.) by extensions ['ros']
[1.166s] Level 1:colcon.colcon_core.package_identification:_identify(.) by extension 'ros'
[1.192s] Level 1:colcon.colcon_core.package_identification:_identify(.) by extensions ['cmake', 'python']
[1.192s] Level 1:colcon.colcon_core.package_identification:_identify(.) by extension 'cmake'
[1.192s] Level 1:colcon.colcon_core.package_identification:_identify(.) by extension 'python'
[1.192s] Level 1:colcon.colcon_core.package_identification:_identify(.) by extensions ['python_setup_py']
[1.192s] Level 1:colcon.colcon_core.package_identification:_identify(.) by extension 'python_setup_py'
[1.193s] Level 1:colcon.colcon_core.package_identification:_identify(build) by extensions ['ignore', 'ignore_ament_install']
[1.193s] Level 1:colcon.colcon_core.package_identification:_identify(build) by extension 'ignore'
[1.193s] Level 1:colcon.colcon_core.package_identification:_identify(build) ignored
[1.194s] Level 1:colcon.colcon_core.package_identification:_identify(install) by extensions ['ignore', 'ignore_ament_install']
[1.194s] Level 1:colcon.colcon_core.package_identification:_identify(install) by extension 'ignore'
[1.194s] Level 1:colcon.colcon_core.package_identification:_identify(install) ignored
[1.195s] Level 1:colcon.colcon_core.package_identification:_identify(log) by extensions ['ignore', 'ignore_ament_install']
[1.195s] Level 1:colcon.colcon_core.package_identification:_identify(log) by extension 'ignore'
[1.195s] Level 1:colcon.colcon_core.package_identification:_identify(log) ignored
[1.196s] Level 1:colcon.colcon_core.package_identification:_identify(src) by extensions ['ignore', 'ignore_ament_install']
[1.196s] Level 1:colcon.colcon_core.package_identification:_identify(src) by extension 'ignore'
[1.196s] Level 1:colcon.colcon_core.package_identification:_identify(src) by extension 'ignore_ament_install'
[1.196s] Level 1:colcon.colcon_core.package_identification:_identify(src) by extensions ['colcon_pkg']
[1.196s] Level 1:colcon.colcon_core.package_identification:_identify(src) by extension 'colcon_pkg'
[1.196s] Level 1:colcon.colcon_core.package_identification:_identify(src) by extensions ['colcon_meta']
[1.196s] Level 1:colcon.colcon_core.package_identification:_identify(src) by extension 'colcon_meta'
[1.196s] Level 1:colcon.colcon_core.package_identification:_identify(src) by extensions ['ros']
[1.196s] Level 1:colcon.colcon_core.package_identification:_identify(src) by extension 'ros'
[1.196s] Level 1:colcon.colcon_core.package_identification:_identify(src) by extensions ['cmake', 'python']
[1.196s] Level 1:colcon.colcon_core.package_identification:_identify(src) by extension 'cmake'
[1.196s] Level 1:colcon.colcon_core.package_identification:_identify(src) by extension 'python'
[1.196s] Level 1:colcon.colcon_core.package_identification:_identify(src) by extensions ['python_setup_py']
[1.196s] Level 1:colcon.colcon_core.package_identification:_identify(src) by extension 'python_setup_py'
[1.197s] Level 1:colcon.colcon_core.package_identification:_identify(src/cibnor_sim) by extensions ['ignore', 'ignore_ament_install']
[1.197s] Level 1:colcon.colcon_core.package_identification:_identify(src/cibnor_sim) by extension 'ignore'
[1.197s] Level 1:colcon.colcon_core.package_identification:_identify(src/cibnor_sim) by extension 'ignore_ament_install'
[1.197s] Level 1:colcon.colcon_core.package_identification:_identify(src/cibnor_sim) by extensions ['colcon_pkg']
[1.197s] Level 1:colcon.colcon_core.package_identification:_identify(src/cibnor_sim) by extension 'colcon_pkg'
[1.197s] Level 1:colcon.colcon_core.package_identification:_identify(src/cibnor_sim) by extensions ['colcon_meta']
[1.197s] Level 1:colcon.colcon_core.package_identification:_identify(src/cibnor_sim) by extension 'colcon_meta'
[1.197s] Level 1:colcon.colcon_core.package_identification:_identify(src/cibnor_sim) by extensions ['ros']
[1.197s] Level 1:colcon.colcon_core.package_identification:_identify(src/cibnor_sim) by extension 'ros'
[1.203s] DEBUG:colcon.colcon_core.package_identification:Package 'src/cibnor_sim' with type 'ros.ament_python' and name 'cibnor_sim'
[1.203s] Level 1:colcon.colcon_core.package_discovery:discover_packages(recursive) using defaults
[1.203s] Level 1:colcon.colcon_core.package_discovery:discover_packages(ignore) discover
[1.203s] Level 1:colcon.colcon_core.package_discovery:discover_packages(ignore) using defaults
[1.203s] Level 1:colcon.colcon_core.package_discovery:discover_packages(path) discover
[1.203s] Level 1:colcon.colcon_core.package_discovery:discover_packages(path) using defaults
[1.260s] Level 1:colcon.colcon_core.package_discovery:discover_packages(prefix_path) check parameters
[1.260s] Level 1:colcon.colcon_core.package_discovery:discover_packages(prefix_path) discover
[1.271s] DEBUG:colcon.colcon_installed_package_information.package_discovery:Found 1 installed packages in /home/cibnor/ros2_ws/install
[1.276s] DEBUG:colcon.colcon_installed_package_information.package_discovery:Found 309 installed packages in /opt/ros/humble
[1.286s] Level 1:colcon.colcon_core.package_discovery:discover_packages(prefix_path) using defaults
[1.465s] Level 5:colcon.colcon_core.verb:set package 'cibnor_sim' build argument 'cmake_args' from command line to 'None'
[1.466s] Level 5:colcon.colcon_core.verb:set package 'cibnor_sim' build argument 'cmake_target' from command line to 'None'
[1.466s] Level 5:colcon.colcon_core.verb:set package 'cibnor_sim' build argument 'cmake_target_skip_unavailable' from command line to 'False'
[1.466s] Level 5:colcon.colcon_core.verb:set package 'cibnor_sim' build argument 'cmake_clean_cache' from command line to 'False'
[1.466s] Level 5:colcon.colcon_core.verb:set package 'cibnor_sim' build argument 'cmake_clean_first' from command line to 'False'
[1.466s] Level 5:colcon.colcon_core.verb:set package 'cibnor_sim' build argument 'cmake_force_configure' from command line to 'False'
[1.466s] Level 5:colcon.colcon_core.verb:set package 'cibnor_sim' build argument 'ament_cmake_args' from command line to 'None'
[1.466s] Level 5:colcon.colcon_core.verb:set package 'cibnor_sim' build argument 'catkin_cmake_args' from command line to 'None'
[1.466s] Level 5:colcon.colcon_core.verb:set package 'cibnor_sim' build argument 'catkin_skip_building_tests' from command line to 'False'
[1.466s] DEBUG:colcon.colcon_core.verb:Building package 'cibnor_sim' with the following arguments: {'ament_cmake_args': None, 'build_base': '/home/cibnor/ros2_ws/build/cibnor_sim', 'catkin_cmake_args': None, 'catkin_skip_building_tests': False, 'cmake_args': None, 'cmake_clean_cache': False, 'cmake_clean_first': False, 'cmake_force_configure': False, 'cmake_target': None, 'cmake_target_skip_unavailable': False, 'install_base': '/home/cibnor/ros2_ws/install/cibnor_sim', 'merge_install': False, 'path': '/home/cibnor/ros2_ws/src/cibnor_sim', 'symlink_install': True, 'test_result_base': None}
[1.466s] INFO:colcon.colcon_core.executor:Executing jobs using 'parallel' executor
[1.467s] DEBUG:colcon.colcon_parallel_executor.executor.parallel:run_until_complete
[1.467s] INFO:colcon.colcon_ros.task.ament_python.build:Building ROS package in '/home/cibnor/ros2_ws/src/cibnor_sim' with build type 'ament_python'
[1.467s] Level 1:colcon.colcon_core.shell:create_environment_hook('cibnor_sim', 'ament_prefix_path')
[1.479s] INFO:colcon.colcon_core.plugin_system:Skipping extension 'colcon_core.shell.bat': Not used on non-Windows systems
[1.480s] INFO:colcon.colcon_core.shell:Creating environment hook '/home/cibnor/ros2_ws/install/cibnor_sim/share/cibnor_sim/hook/ament_prefix_path.ps1'
[1.481s] INFO:colcon.colcon_core.shell:Creating environment descriptor '/home/cibnor/ros2_ws/install/cibnor_sim/share/cibnor_sim/hook/ament_prefix_path.dsv'
[1.484s] INFO:colcon.colcon_core.shell:Creating environment hook '/home/cibnor/ros2_ws/install/cibnor_sim/share/cibnor_sim/hook/ament_prefix_path.sh'
[1.491s] INFO:colcon.colcon_core.shell:Skip shell extension 'powershell' for command environment: Not usable outside of PowerShell
[1.491s] DEBUG:colcon.colcon_core.shell:Skip shell extension 'dsv' for command environment
[1.783s] INFO:colcon.colcon_core.task.python.build:Building Python package in '/home/cibnor/ros2_ws/src/cibnor_sim'
[1.784s] INFO:colcon.colcon_core.shell:Skip shell extension 'powershell' for command environment: Not usable outside of PowerShell
[1.784s] DEBUG:colcon.colcon_core.shell:Skip shell extension 'dsv' for command environment
[2.468s] DEBUG:colcon.colcon_core.event_handler.log_command:Invoking command in '/home/cibnor/ros2_ws/build/cibnor_sim': PYTHONPATH=/home/cibnor/ros2_ws/build/cibnor_sim/prefix_override:/usr/lib/python3/dist-packages/colcon_core/task/python/colcon_distutils_commands:/home/cibnor/ros2_ws/install/cibnor_sim/lib/python3.10/site-packages:${PYTHONPATH} /usr/bin/python3 -W ignore:setup.py install is deprecated -W ignore:easy_install command is deprecated setup.py develop --editable --build-directory /home/cibnor/ros2_ws/build/cibnor_sim/build --no-deps symlink_data
[2.950s] Level 1:colcon.colcon_core.shell:create_environment_hook('cibnor_sim', 'pythonpath_develop')
[2.951s] INFO:colcon.colcon_core.shell:Creating environment hook '/home/cibnor/ros2_ws/build/cibnor_sim/share/cibnor_sim/hook/pythonpath_develop.ps1'
[2.951s] DEBUG:colcon.colcon_core.event_handler.log_command:Invoked command in '/home/cibnor/ros2_ws/build/cibnor_sim' returned '0': PYTHONPATH=/home/cibnor/ros2_ws/build/cibnor_sim/prefix_override:/usr/lib/python3/dist-packages/colcon_core/task/python/colcon_distutils_commands:/home/cibnor/ros2_ws/install/cibnor_sim/lib/python3.10/site-packages:${PYTHONPATH} /usr/bin/python3 -W ignore:setup.py install is deprecated -W ignore:easy_install command is deprecated setup.py develop --editable --build-directory /home/cibnor/ros2_ws/build/cibnor_sim/build --no-deps symlink_data
[2.952s] INFO:colcon.colcon_core.shell:Creating environment descriptor '/home/cibnor/ros2_ws/build/cibnor_sim/share/cibnor_sim/hook/pythonpath_develop.dsv'
[2.953s] INFO:colcon.colcon_core.shell:Creating environment hook '/home/cibnor/ros2_ws/build/cibnor_sim/share/cibnor_sim/hook/pythonpath_develop.sh'
[2.972s] Level 1:colcon.colcon_core.environment:checking '/home/cibnor/ros2_ws/install/cibnor_sim' for CMake module files
[2.973s] Level 1:colcon.colcon_core.environment:checking '/home/cibnor/ros2_ws/install/cibnor_sim' for CMake config files
[2.984s] Level 1:colcon.colcon_core.environment:checking '/home/cibnor/ros2_ws/install/cibnor_sim/lib'
[2.984s] Level 1:colcon.colcon_core.environment:checking '/home/cibnor/ros2_ws/install/cibnor_sim/bin'
[2.984s] Level 1:colcon.colcon_core.environment:checking '/home/cibnor/ros2_ws/install/cibnor_sim/lib/pkgconfig/cibnor_sim.pc'
[2.984s] Level 1:colcon.colcon_core.environment:checking '/home/cibnor/ros2_ws/install/cibnor_sim/lib/python3.10/site-packages'
[2.984s] Level 1:colcon.colcon_core.shell:create_environment_hook('cibnor_sim', 'pythonpath')
[2.985s] INFO:colcon.colcon_core.shell:Creating environment hook '/home/cibnor/ros2_ws/install/cibnor_sim/share/cibnor_sim/hook/pythonpath.ps1'
[2.985s] INFO:colcon.colcon_core.shell:Creating environment descriptor '/home/cibnor/ros2_ws/install/cibnor_sim/share/cibnor_sim/hook/pythonpath.dsv'
[2.985s] INFO:colcon.colcon_core.shell:Creating environment hook '/home/cibnor/ros2_ws/install/cibnor_sim/share/cibnor_sim/hook/pythonpath.sh'
[2.986s] Level 1:colcon.colcon_core.environment:checking '/home/cibnor/ros2_ws/install/cibnor_sim/bin'
[2.986s] Level 1:colcon.colcon_core.environment:create_environment_scripts_only(cibnor_sim)
[2.986s] INFO:colcon.colcon_core.shell:Creating package script '/home/cibnor/ros2_ws/install/cibnor_sim/share/cibnor_sim/package.ps1'
[2.988s] INFO:colcon.colcon_core.shell:Creating package descriptor '/home/cibnor/ros2_ws/install/cibnor_sim/share/cibnor_sim/package.dsv'
[2.989s] INFO:colcon.colcon_core.shell:Creating package script '/home/cibnor/ros2_ws/install/cibnor_sim/share/cibnor_sim/package.sh'
[2.991s] INFO:colcon.colcon_core.shell:Creating package script '/home/cibnor/ros2_ws/install/cibnor_sim/share/cibnor_sim/package.bash'
[2.993s] INFO:colcon.colcon_core.shell:Creating package script '/home/cibnor/ros2_ws/install/cibnor_sim/share/cibnor_sim/package.zsh'
[2.995s] Level 1:colcon.colcon_core.environment:create_file_with_runtime_dependencies(/home/cibnor/ros2_ws/install/cibnor_sim/share/colcon-core/packages/cibnor_sim)
[2.995s] DEBUG:colcon.colcon_parallel_executor.executor.parallel:closing loop
[2.996s] DEBUG:colcon.colcon_parallel_executor.executor.parallel:loop closed
[2.996s] DEBUG:colcon.colcon_parallel_executor.executor.parallel:run_until_complete finished with '0'
[2.996s] DEBUG:colcon.colcon_core.event_reactor:joining thread
[3.044s] INFO:colcon.colcon_core.plugin_system:Skipping extension 'colcon_notification.desktop_notification.notify_send': Could not find 'notify-send'
[3.045s] INFO:colcon.colcon_core.plugin_system:Skipping extension 'colcon_notification.desktop_notification.terminal_notifier': Not used on non-Darwin systems
[3.045s] INFO:colcon.colcon_core.plugin_system:Skipping extension 'colcon_notification.desktop_notification.win32': Not used on non-Windows systems
[3.045s] INFO:colcon.colcon_notification.desktop_notification:Sending desktop notification using 'notify2'
[3.045s] DEBUG:colcon.colcon_notification.desktop_notification.notify2:Failed to initialize notify2: org.freedesktop.DBus.Error.FileNotFound: Failed to connect to socket /run/user/1000/bus: No such file or directory
[3.045s] DEBUG:colcon.colcon_core.event_reactor:joined thread
[3.045s] INFO:colcon.colcon_core.shell:Creating prefix script '/home/cibnor/ros2_ws/install/local_setup.ps1'
[3.047s] INFO:colcon.colcon_core.shell:Creating prefix util module '/home/cibnor/ros2_ws/install/_local_setup_util_ps1.py'
[3.049s] INFO:colcon.colcon_core.shell:Creating prefix chain script '/home/cibnor/ros2_ws/install/setup.ps1'
[3.051s] INFO:colcon.colcon_core.shell:Creating prefix script '/home/cibnor/ros2_ws/install/local_setup.sh'
[3.053s] INFO:colcon.colcon_core.shell:Creating prefix util module '/home/cibnor/ros2_ws/install/_local_setup_util_sh.py'
[3.054s] INFO:colcon.colcon_core.shell:Creating prefix chain script '/home/cibnor/ros2_ws/install/setup.sh'
[3.056s] INFO:colcon.colcon_core.shell:Creating prefix script '/home/cibnor/ros2_ws/install/local_setup.bash'
[3.057s] INFO:colcon.colcon_core.shell:Creating prefix chain script '/home/cibnor/ros2_ws/install/setup.bash'
[3.059s] INFO:colcon.colcon_core.shell:Creating prefix script '/home/cibnor/ros2_ws/install/local_setup.zsh'
[3.061s] INFO:colcon.colcon_core.shell:Creating prefix chain script '/home/cibnor/ros2_ws/install/setup.zsh'
